{
  "stats": {
    "suites": 2,
    "tests": 5,
    "passes": 5,
    "pending": 0,
    "failures": 0,
    "start": "2025-12-13T21:31:22.547Z",
    "end": "2025-12-13T21:31:22.555Z",
    "duration": 8,
    "testsRegistered": 5,
    "passPercent": 100,
    "pendingPercent": 0,
    "other": 0,
    "hasOther": false,
    "skipped": 0,
    "hasSkipped": false,
    "passPercentClass": "success",
    "pendingPercentClass": "danger"
  },
  "suites": {
    "uuid": "7f566a3a-f2ad-49e8-86f2-a63fbc6e204e",
    "title": "",
    "fullFile": "",
    "file": "",
    "beforeHooks": [],
    "afterHooks": [],
    "tests": [],
    "suites": [
      {
        "uuid": "5146eea8-9d87-4ca8-90fe-1b6db68a9fa3",
        "title": "Test that the data fetched from OpenWeatherMap is processed correctly",
        "fullFile": "/home/alexandsko/quick-example-of-testing-in-nodejs/test/preparing-data-test.js",
        "file": "/test/preparing-data-test.js",
        "beforeHooks": [],
        "afterHooks": [],
        "tests": [
          {
            "title": "Should check fetched data is processed correctly",
            "fullTitle": "Test that the data fetched from OpenWeatherMap is processed correctly Should check fetched data is processed correctly",
            "timedOut": false,
            "duration": 0,
            "state": "passed",
            "speed": "fast",
            "pass": true,
            "fail": false,
            "pending": false,
            "code": "var callback = sinon.stub();\ncallback.withArgs(\"London\").returns(rawWeatherData);\n//TODO",
            "err": {},
            "isRoot": false,
            "uuid": "6a825f1c-6723-4d08-8854-42c513420368",
            "isHook": false,
            "skipped": false
          }
        ],
        "suites": [],
        "passes": [
          "6a825f1c-6723-4d08-8854-42c513420368"
        ],
        "failures": [],
        "pending": [],
        "skipped": [],
        "duration": 0,
        "root": false,
        "rootEmpty": false,
        "_timeout": 2000
      },
      {
        "uuid": "69979bcc-5c15-48f7-a8f6-20d724db28c7",
        "title": "Test the weather kit module's basic functionality",
        "fullFile": "/home/alexandsko/quick-example-of-testing-in-nodejs/test/weather-kit-test.js",
        "file": "/test/weather-kit-test.js",
        "beforeHooks": [],
        "afterHooks": [],
        "tests": [
          {
            "title": "should return true for umbrella test if it is raining",
            "fullTitle": "Test the weather kit module's basic functionality should return true for umbrella test if it is raining",
            "timedOut": false,
            "duration": 1,
            "state": "passed",
            "speed": "fast",
            "pass": true,
            "fail": false,
            "pending": false,
            "code": "expect(helloWeather.doINeed.umbrella(monday)).to.be.a('boolean');\nexpect(helloWeather.doINeed.umbrella(tuesday)).equal(false);\nexpect(helloWeather.doINeed.umbrella(wednesday)).equal(false);\nexpect(helloWeather.doINeed.umbrella(friday)).equal(true);",
            "err": {},
            "isRoot": false,
            "uuid": "8018aa9d-6b96-49c9-81b1-0745d3354129",
            "isHook": false,
            "skipped": false
          },
          {
            "title": "should return true if suncream is required",
            "fullTitle": "Test the weather kit module's basic functionality should return true if suncream is required",
            "timedOut": false,
            "duration": 0,
            "state": "passed",
            "speed": "fast",
            "pass": true,
            "fail": false,
            "pending": false,
            "code": "helloWeather.doINeed.suncream(monday).should.be.a('boolean');\nhelloWeather.doINeed.suncream(monday).should.equal(false);\nhelloWeather.doINeed.suncream(tuesday).should.equal(false);\nhelloWeather.doINeed.suncream(wednesday).should.equal(true);",
            "err": {},
            "isRoot": false,
            "uuid": "633795fd-9fd7-4782-92d0-05fe268c4fae",
            "isHook": false,
            "skipped": false
          },
          {
            "title": "should return true if jumper is required",
            "fullTitle": "Test the weather kit module's basic functionality should return true if jumper is required",
            "timedOut": false,
            "duration": 1,
            "state": "passed",
            "speed": "fast",
            "pass": true,
            "fail": false,
            "pending": false,
            "code": "assert.typeOf(helloWeather.doINeed.jumper(monday), 'boolean');\nassert.typeOf(helloWeather.doINeed.jumper(tuesday), 'boolean', 'boolean returned');\nassert.equal(\n    helloWeather.doINeed.jumper(wednesday),\n    false,\n    'should return false, because it is very warm on wednesday'\n);\nassert.equal(helloWeather.doINeed.jumper(thuresday), true)",
            "err": {},
            "isRoot": false,
            "uuid": "e4236cc7-c134-462a-bdf7-daa7f7027a4e",
            "isHook": false,
            "skipped": false
          },
          {
            "title": "should always return true as water is always required",
            "fullTitle": "Test the weather kit module's basic functionality should always return true as water is always required",
            "timedOut": false,
            "duration": 0,
            "state": "passed",
            "speed": "fast",
            "pass": true,
            "fail": false,
            "pending": false,
            "code": "expect(helloWeather.doINeed.water(monday)).equal(true);",
            "err": {},
            "isRoot": false,
            "uuid": "3e1b1bf8-d519-4564-ba0e-3aea023e800d",
            "isHook": false,
            "skipped": false
          }
        ],
        "suites": [],
        "passes": [
          "8018aa9d-6b96-49c9-81b1-0745d3354129",
          "633795fd-9fd7-4782-92d0-05fe268c4fae",
          "e4236cc7-c134-462a-bdf7-daa7f7027a4e",
          "3e1b1bf8-d519-4564-ba0e-3aea023e800d"
        ],
        "failures": [],
        "pending": [],
        "skipped": [],
        "duration": 2,
        "root": false,
        "rootEmpty": false,
        "_timeout": 2000
      }
    ],
    "passes": [],
    "failures": [],
    "pending": [],
    "skipped": [],
    "duration": 0,
    "root": true,
    "rootEmpty": true,
    "_timeout": 2000
  },
  "copyrightYear": 2025
}